0 info it worked if it ends with ok
1 verbose cli [ '/Users/potato4d/.nodenv/versions/7.1.0/bin/node',
1 verbose cli   '/Users/potato4d/.nodenv/versions/7.1.0/bin/npm',
1 verbose cli   'start' ]
2 info using npm@3.10.9
3 info using node@v7.1.0
4 verbose run-script [ 'prestart', 'start', 'poststart' ]
5 info lifecycle glendar@0.1.0~prestart: glendar@0.1.0
6 silly lifecycle glendar@0.1.0~prestart: no script for prestart, continuing
7 info lifecycle glendar@0.1.0~start: glendar@0.1.0
8 verbose lifecycle glendar@0.1.0~start: unsafe-perm in lifecycle true
9 verbose lifecycle glendar@0.1.0~start: PATH: /Users/potato4d/.nodenv/versions/7.1.0/lib/node_modules/npm/bin/node-gyp-bin:/Users/potato4d/Desktop/Clients/tonkatsu-ansin/new/glendar/node_modules/.bin:/Users/potato4d/.nodenv/versions/7.1.0/bin:/Users/potato4d/.nodenv/libexec:/Users/potato4d/.nodenv/shims:/Users/potato4d/bin:/usr/local/opt/nodenv/bin:/Users/potato4d/.rbenv/shims:/Users/potato4d/.rbenv/bin:/Users/potato4d/.nodenv/shims:/Users/potato4d/.nodenv/bin:/usr/local/bin:/usr/bin:/bin:/usr/sbin:/sbin
10 verbose lifecycle glendar@0.1.0~start: CWD: /Users/potato4d/Desktop/Clients/tonkatsu-ansin/new/glendar
11 silly lifecycle glendar@0.1.0~start: Args: [ '-c', 'npm run serve' ]
12 silly lifecycle glendar@0.1.0~start: Returned: code: 1  signal: null
13 info lifecycle glendar@0.1.0~start: Failed to exec start script
14 verbose stack Error: glendar@0.1.0 start: `npm run serve`
14 verbose stack Exit status 1
14 verbose stack     at EventEmitter.<anonymous> (/Users/potato4d/.nodenv/versions/7.1.0/lib/node_modules/npm/lib/utils/lifecycle.js:255:16)
14 verbose stack     at emitTwo (events.js:106:13)
14 verbose stack     at EventEmitter.emit (events.js:191:7)
14 verbose stack     at ChildProcess.<anonymous> (/Users/potato4d/.nodenv/versions/7.1.0/lib/node_modules/npm/lib/utils/spawn.js:40:14)
14 verbose stack     at emitTwo (events.js:106:13)
14 verbose stack     at ChildProcess.emit (events.js:191:7)
14 verbose stack     at maybeClose (internal/child_process.js:885:16)
14 verbose stack     at Process.ChildProcess._handle.onexit (internal/child_process.js:226:5)
15 verbose pkgid glendar@0.1.0
16 verbose cwd /Users/potato4d/Desktop/Clients/tonkatsu-ansin/new/glendar
17 error Darwin 16.1.0
18 error argv "/Users/potato4d/.nodenv/versions/7.1.0/bin/node" "/Users/potato4d/.nodenv/versions/7.1.0/bin/npm" "start"
19 error node v7.1.0
20 error npm  v3.10.9
21 error code ELIFECYCLE
22 error glendar@0.1.0 start: `npm run serve`
22 error Exit status 1
23 error Failed at the glendar@0.1.0 start script 'npm run serve'.
23 error Make sure you have the latest version of node.js and npm installed.
23 error If you do, this is most likely a problem with the glendar package,
23 error not with npm itself.
23 error Tell the author that this fails on your system:
23 error     npm run serve
23 error You can get information on how to open an issue for this project with:
23 error     npm bugs glendar
23 error Or if that isn't available, you can get their info via:
23 error     npm owner ls glendar
23 error There is likely additional logging output above.
24 verbose exit [ 1, true ]
